0 info it worked if it ends with ok
1 verbose cli [ '/usr/local/bin/node',
1 verbose cli   '/usr/local/bin/npm',
1 verbose cli   'install',
1 verbose cli   '-g',
1 verbose cli   'tsd' ]
2 info using npm@3.10.3
3 info using node@v6.3.1
4 silly loadCurrentTree Starting
5 silly install loadCurrentTree
6 silly install readGlobalPackageData
7 silly fetchPackageMetaData tsd
8 silly fetchNamedPackageData tsd
9 silly mapToRegistry name tsd
10 silly mapToRegistry using default registry
11 silly mapToRegistry registry https://registry.npmjs.org/
12 silly mapToRegistry data Result {
12 silly mapToRegistry   raw: 'tsd',
12 silly mapToRegistry   scope: null,
12 silly mapToRegistry   escapedName: 'tsd',
12 silly mapToRegistry   name: 'tsd',
12 silly mapToRegistry   rawSpec: '',
12 silly mapToRegistry   spec: 'latest',
12 silly mapToRegistry   type: 'tag' }
13 silly mapToRegistry uri https://registry.npmjs.org/tsd
14 verbose request uri https://registry.npmjs.org/tsd
15 verbose request no auth needed
16 info attempt registry request try #1 at 11:57:02
17 verbose request id 00c52b260c0a5777
18 http request GET https://registry.npmjs.org/tsd
19 http 200 https://registry.npmjs.org/tsd
20 verbose headers { server: 'nginx/1.10.1',
20 verbose headers   'content-type': 'application/json',
20 verbose headers   'last-modified': 'Wed, 02 Nov 2016 05:12:08 GMT',
20 verbose headers   etag: 'W/"581975a8-1480d"',
20 verbose headers   'content-encoding': 'gzip',
20 verbose headers   'cache-control': 'max-age=300',
20 verbose headers   'content-length': '12776',
20 verbose headers   'accept-ranges': 'bytes',
20 verbose headers   date: 'Thu, 29 Dec 2016 03:57:34 GMT',
20 verbose headers   via: '1.1 varnish',
20 verbose headers   age: '0',
20 verbose headers   connection: 'keep-alive',
20 verbose headers   'x-served-by': 'cache-itm7427-ITM',
20 verbose headers   'x-cache': 'MISS',
20 verbose headers   'x-cache-hits': '0',
20 verbose headers   'x-timer': 'S1482983854.011098,VS0,VE524',
20 verbose headers   vary: 'Accept-Encoding' }
21 silly get cb [ 200,
21 silly get   { server: 'nginx/1.10.1',
21 silly get     'content-type': 'application/json',
21 silly get     'last-modified': 'Wed, 02 Nov 2016 05:12:08 GMT',
21 silly get     etag: 'W/"581975a8-1480d"',
21 silly get     'content-encoding': 'gzip',
21 silly get     'cache-control': 'max-age=300',
21 silly get     'content-length': '12776',
21 silly get     'accept-ranges': 'bytes',
21 silly get     date: 'Thu, 29 Dec 2016 03:57:34 GMT',
21 silly get     via: '1.1 varnish',
21 silly get     age: '0',
21 silly get     connection: 'keep-alive',
21 silly get     'x-served-by': 'cache-itm7427-ITM',
21 silly get     'x-cache': 'MISS',
21 silly get     'x-cache-hits': '0',
21 silly get     'x-timer': 'S1482983854.011098,VS0,VE524',
21 silly get     vary: 'Accept-Encoding' } ]
22 verbose get saving tsd to /Users/liuqiang/.npm/registry.npmjs.org/tsd/.cache.json
23 verbose correctMkdir /Users/liuqiang/.npm correctMkdir not in flight; initializing
24 silly install normalizeTree
25 silly loadCurrentTree Finishing
26 silly loadIdealTree Starting
27 silly install loadIdealTree
28 silly cloneCurrentTree Starting
29 silly install cloneCurrentTreeToIdealTree
30 silly cloneCurrentTree Finishing
31 silly loadShrinkwrap Starting
32 silly install loadShrinkwrap
33 silly loadShrinkwrap Finishing
34 silly loadAllDepsIntoIdealTree Starting
35 silly install loadAllDepsIntoIdealTree
36 silly resolveWithNewModule tsd@0.6.5 checking installable status
37 silly cache add args [ 'tsd', null ]
38 verbose cache add spec tsd
39 silly cache add parsed spec Result {
39 silly cache add   raw: 'tsd',
39 silly cache add   scope: null,
39 silly cache add   escapedName: 'tsd',
39 silly cache add   name: 'tsd',
39 silly cache add   rawSpec: '',
39 silly cache add   spec: 'latest',
39 silly cache add   type: 'tag' }
40 silly addNamed tsd@latest
41 verbose addNamed "latest" is being treated as a dist-tag for tsd
42 info addNameTag [ 'tsd', 'latest' ]
43 silly mapToRegistry name tsd
44 silly mapToRegistry using default registry
45 silly mapToRegistry registry https://registry.npmjs.org/
46 silly mapToRegistry data Result {
46 silly mapToRegistry   raw: 'tsd',
46 silly mapToRegistry   scope: null,
46 silly mapToRegistry   escapedName: 'tsd',
46 silly mapToRegistry   name: 'tsd',
46 silly mapToRegistry   rawSpec: '',
46 silly mapToRegistry   spec: 'latest',
46 silly mapToRegistry   type: 'tag' }
47 silly mapToRegistry uri https://registry.npmjs.org/tsd
48 verbose addNameTag registry:https://registry.npmjs.org/tsd not in flight; fetching
49 verbose get https://registry.npmjs.org/tsd not expired, no request
50 silly addNameTag next cb for tsd with tag latest
51 silly addNamed tsd@0.6.5
52 verbose addNamed "0.6.5" is a plain semver version for tsd
53 warn deprecated tsd@0.6.5: TSD is deprecated in favor of Typings (https://github.com/typings/typings) - see https://github.com/DefinitelyTyped/tsd/issues/269 for more information
54 silly mapToRegistry name tsd
55 silly mapToRegistry using default registry
56 silly mapToRegistry registry https://registry.npmjs.org/
57 silly mapToRegistry data Result {
57 silly mapToRegistry   raw: 'tsd',
57 silly mapToRegistry   scope: null,
57 silly mapToRegistry   escapedName: 'tsd',
57 silly mapToRegistry   name: 'tsd',
57 silly mapToRegistry   rawSpec: '',
57 silly mapToRegistry   spec: 'latest',
57 silly mapToRegistry   type: 'tag' }
58 silly mapToRegistry uri https://registry.npmjs.org/tsd
59 verbose addRemoteTarball https://registry.npmjs.org/tsd/-/tsd-0.6.5.tgz not in flight; adding
60 verbose addRemoteTarball [ 'https://registry.npmjs.org/tsd/-/tsd-0.6.5.tgz',
60 verbose addRemoteTarball   '34a0b64c1db6a70b3860fe4f5571d9d1357421ad' ]
61 info retry fetch attempt 1 at 11:58:12
62 info attempt registry request try #1 at 11:58:12
63 http fetch GET https://registry.npmjs.org/tsd/-/tsd-0.6.5.tgz
64 http fetch 200 https://registry.npmjs.org/tsd/-/tsd-0.6.5.tgz
65 info retry will retry, error on last attempt: Error: read ECONNRESET
66 info retry will retry, error on last attempt: Error: read ECONNRESET
67 silly fetchAndShaCheck shasum 34a0b64c1db6a70b3860fe4f5571d9d1357421ad
68 silly rollbackFailedOptional Starting
69 silly rollbackFailedOptional Finishing
70 silly runTopLevelLifecycles Starting
71 silly runTopLevelLifecycles Finishing
72 silly install printInstalled
73 verbose stack Error: shasum check failed for /var/folders/cs/vgmht8xs4_b4284wgw8jlw3h0000gn/T/npm-94596-b368b809/registry.npmjs.org/tsd/-/tsd-0.6.5.tgz
73 verbose stack Expected: 34a0b64c1db6a70b3860fe4f5571d9d1357421ad
73 verbose stack Actual:   729855ea94ca718ecf8bfedb86805a79a70efac5
73 verbose stack From:     https://registry.npmjs.org/tsd/-/tsd-0.6.5.tgz
73 verbose stack     at /usr/local/lib/node_modules/npm/node_modules/sha/index.js:25:8
73 verbose stack     at ReadStream.<anonymous> (/usr/local/lib/node_modules/npm/node_modules/sha/index.js:72:7)
73 verbose stack     at emitNone (events.js:91:20)
73 verbose stack     at ReadStream.emit (events.js:185:7)
73 verbose stack     at endReadableNT (_stream_readable.js:975:12)
73 verbose stack     at _combinedTickCallback (internal/process/next_tick.js:74:11)
73 verbose stack     at process._tickCallback (internal/process/next_tick.js:98:9)
74 verbose cwd /Users/liuqiang/NWProjects/projects/solar/pack
75 error Darwin 15.5.0
76 error argv "/usr/local/bin/node" "/usr/local/bin/npm" "install" "-g" "tsd"
77 error node v6.3.1
78 error npm  v3.10.3
79 error shasum check failed for /var/folders/cs/vgmht8xs4_b4284wgw8jlw3h0000gn/T/npm-94596-b368b809/registry.npmjs.org/tsd/-/tsd-0.6.5.tgz
79 error Expected: 34a0b64c1db6a70b3860fe4f5571d9d1357421ad
79 error Actual:   729855ea94ca718ecf8bfedb86805a79a70efac5
79 error From:     https://registry.npmjs.org/tsd/-/tsd-0.6.5.tgz
80 error If you need help, you may report this error at:
80 error     <https://github.com/npm/npm/issues>
81 verbose exit [ 1, true ]
